[debug] [2022-01-18T12:56:13.397Z] ----------------------------------------------------------------------
[debug] [2022-01-18T12:56:13.399Z] Command:       /usr/bin/node /usr/bin/firebase init
[debug] [2022-01-18T12:56:13.399Z] CLI Version:   10.1.0
[debug] [2022-01-18T12:56:13.399Z] Platform:      linux
[debug] [2022-01-18T12:56:13.400Z] Node Version:  v16.13.1
[debug] [2022-01-18T12:56:13.400Z] Time:          Tue Jan 18 2022 18:26:13 GMT+0530 (India Standard Time)
[debug] [2022-01-18T12:56:13.400Z] ----------------------------------------------------------------------
[debug] 
[debug] [2022-01-18T12:56:13.406Z] > command requires scopes: ["email","openid","https://www.googleapis.com/auth/cloudplatformprojects.readonly","https://www.googleapis.com/auth/firebase","https://www.googleapis.com/auth/cloud-platform"]
[debug] [2022-01-18T12:56:13.406Z] > authorizing via signed-in user (ritikgupta9414@gmail.com)
[info] 
     ######## #### ########  ######## ########     ###     ######  ########
     ##        ##  ##     ## ##       ##     ##  ##   ##  ##       ##
     ######    ##  ########  ######   ########  #########  ######  ######
     ##        ##  ##    ##  ##       ##     ## ##     ##       ## ##
     ##       #### ##     ## ######## ########  ##     ##  ######  ########

You're about to initialize a Firebase project in this directory:

  /home/ritik/Desktop/Nodejs Project/covid19tracker

[info] 
=== Project Setup
[info] 
[info] First, let's associate this project directory with a Firebase project.
[info] You can create multiple project aliases by running firebase use --add, 
[info] but for now we'll just set up a default project.
[info] 
[debug] [2022-01-18T12:56:25.406Z] >>> [apiv2][query] GET https://firebase.googleapis.com/v1beta1/projects pageSize=100
[debug] [2022-01-18T12:56:26.374Z] <<< [apiv2][status] GET https://firebase.googleapis.com/v1beta1/projects 200
[debug] [2022-01-18T12:56:26.374Z] <<< [apiv2][body] GET https://firebase.googleapis.com/v1beta1/projects [omitted]
[info] i  Using project covid19-tracker-5b1a3 (Covid19-Tracker) 
[info] 
=== Hosting Setup
[info] 
[info] Your public directory is the folder (relative to your project directory) that
[info] will contain Hosting assets to be uploaded with firebase deploy. If you
[info] have a build process for your assets, use your build's output directory.
[info] 
[debug] [2022-01-18T12:57:10.059Z] >>> [apiv2][query] GET https://www.gstatic.com/firebasejs/releases.json [none]
[debug] [2022-01-18T12:57:10.511Z] <<< [apiv2][status] GET https://www.gstatic.com/firebasejs/releases.json 200
[debug] [2022-01-18T12:57:10.511Z] <<< [apiv2][body] GET https://www.gstatic.com/firebasejs/releases.json {"current":{"version":"9.6.3","browserURL":"https://www.gstatic.com/firebasejs/9.6.3/firebase.js","packageURL":"https://www.gstatic.com/firebasejs/9.6.3/firebase.tgz"},"live":{"version":"9.6","browserURL":"https://www.gstatic.com/firebasejs/live/9.6/firebase.js","packageURL":"https://www.gstatic.com/firebasejs/live/9.6/firebase.tgz"},"components":{"analytics":"https://www.gstatic.com/firebasejs/9.6.3/firebase-analytics.js","app":"https://www.gstatic.com/firebasejs/9.6.3/firebase-app.js","app-check":"https://www.gstatic.com/firebasejs/9.6.3/firebase-app-check.js","auth":"https://www.gstatic.com/firebasejs/9.6.3/firebase-auth.js","auth/cordova":"https://www.gstatic.com/firebasejs/9.6.3/firebase-auth/cordova.js","auth/react-native":"https://www.gstatic.com/firebasejs/9.6.3/firebase-auth/react-native.js","functions":"https://www.gstatic.com/firebasejs/9.6.3/firebase-functions.js","firestore":"https://www.gstatic.com/firebasejs/9.6.3/firebase-firestore.js","firestore/lite":"https://www.gstatic.com/firebasejs/9.6.3/firebase-firestore/lite.js","storage":"https://www.gstatic.com/firebasejs/9.6.3/firebase-storage.js","performance":"https://www.gstatic.com/firebasejs/9.6.3/firebase-performance.js","remote-config":"https://www.gstatic.com/firebasejs/9.6.3/firebase-remote-config.js","messaging":"https://www.gstatic.com/firebasejs/9.6.3/firebase-messaging.js","messaging/sw":"https://www.gstatic.com/firebasejs/9.6.3/firebase-messaging/sw.js","database":"https://www.gstatic.com/firebasejs/9.6.3/firebase-database.js","firestore.memory":"https://www.gstatic.com/firebasejs/9.6.3/firebase-firestore.memory.js"}}
[info] ✔  Wrote Y/index.html 
[info] 
[info] i  Detected a .git folder at /home/ritik/Desktop/Nodejs Project/covid19tracker 
[info] i  Authorizing with GitHub to upload your service account to a GitHub repository's secrets store. 
[info] 
[info] Visit this URL on this device to log in:
[info] https://github.com/login/oauth/authorize?client_id=89cf50f02ac6aaed3484&state=1044130758&redirect_uri=http%3A%2F%2Flocalhost%3A9005&scope=read%3Auser%20repo%20public_repo
[info] 
[info] Waiting for authentication...
[debug] [2022-01-18T13:00:03.821Z] >>> HTTP REQUEST POST https://github.com/login/oauth/access_token  
 {"client_id":"89cf50f02ac6aaed3484","client_secret":"3330d14abc895d9a74d5f17cd7a00711fa2c5bf0","code":"7d0bdb9ed9634c632b92","redirect_uri":"http://localhost:9005","state":"1044130758"}
[debug] [2022-01-18T13:00:04.887Z] <<< HTTP RESPONSE 200 {"server":"GitHub.com","date":"Tue, 18 Jan 2022 13:00:04 GMT","content-type":"application/json; charset=utf-8","transfer-encoding":"chunked","vary":"X-PJAX, X-PJAX-Container, Accept-Encoding, Accept, X-Requested-With","permissions-policy":"interest-cohort=()","etag":"W/\"f8dbdee297d169fc8052f33259ad16ef\"","cache-control":"max-age=0, private, must-revalidate","strict-transport-security":"max-age=31536000; includeSubdomains; preload","x-frame-options":"deny","x-content-type-options":"nosniff","x-xss-protection":"0","referrer-policy":"origin-when-cross-origin, strict-origin-when-cross-origin","expect-ct":"max-age=2592000, report-uri=\"https://api.github.com/_private/browser/errors\"","content-security-policy":"default-src 'none'; base-uri 'self'; block-all-mixed-content; child-src github.com/assets-cdn/worker/ gist.github.com/assets-cdn/worker/; connect-src 'self' uploads.github.com objects-origin.githubusercontent.com www.githubstatus.com collector.githubapp.com api.github.com github-cloud.s3.amazonaws.com github-production-repository-file-5c1aeb.s3.amazonaws.com github-production-upload-manifest-file-7fdce7.s3.amazonaws.com github-production-user-asset-6210df.s3.amazonaws.com cdn.optimizely.com logx.optimizely.com/v1/events translator.github.com wss://alive.github.com; font-src github.githubassets.com; form-action 'self' github.com gist.github.com objects-origin.githubusercontent.com; frame-ancestors 'none'; frame-src render.githubusercontent.com viewscreen.githubusercontent.com notebooks.githubusercontent.com; img-src 'self' data: github.githubassets.com identicons.github.com collector.githubapp.com github-cloud.s3.amazonaws.com secured-user-images.githubusercontent.com/ *.githubusercontent.com; manifest-src 'self'; media-src github.com user-images.githubusercontent.com/; script-src github.githubassets.com; style-src 'unsafe-inline' github.githubassets.com; worker-src github.com/assets-cdn/worker/ gist.github.com/assets-cdn/worker/","x-github-request-id":"9304:40FE:7BBFF:DB1A4:61E6B9D3"}
[debug] [2022-01-18T13:00:04.895Z] >>> [apiv2][query] GET https://api.github.com/user [none]
[debug] [2022-01-18T13:00:05.580Z] <<< [apiv2][status] GET https://api.github.com/user 200
[debug] [2022-01-18T13:00:05.581Z] <<< [apiv2][body] GET https://api.github.com/user {"login":"ritik3131","id":84513344,"node_id":"MDQ6VXNlcjg0NTEzMzQ0","avatar_url":"https://avatars.githubusercontent.com/u/84513344?v=4","gravatar_id":"","url":"https://api.github.com/users/ritik3131","html_url":"https://github.com/ritik3131","followers_url":"https://api.github.com/users/ritik3131/followers","following_url":"https://api.github.com/users/ritik3131/following{/other_user}","gists_url":"https://api.github.com/users/ritik3131/gists{/gist_id}","starred_url":"https://api.github.com/users/ritik3131/starred{/owner}{/repo}","subscriptions_url":"https://api.github.com/users/ritik3131/subscriptions","organizations_url":"https://api.github.com/users/ritik3131/orgs","repos_url":"https://api.github.com/users/ritik3131/repos","events_url":"https://api.github.com/users/ritik3131/events{/privacy}","received_events_url":"https://api.github.com/users/ritik3131/received_events","type":"User","site_admin":false,"name":"Ritik Gupta","company":null,"blog":"","location":"IIT Bhubaneswar","email":null,"hireable":null,"bio":"MERN stack developer","twitter_username":null,"public_repos":18,"public_gists":0,"followers":0,"following":0,"created_at":"2021-05-20T13:05:24Z","updated_at":"2022-01-09T14:57:56Z","private_gists":0,"total_private_repos":1,"owned_private_repos":0,"disk_usage":24784,"collaborators":0,"two_factor_authentication":false,"plan":{"name":"free","space":976562499,"collaborators":0,"private_repos":10000}}
[info] 
[info] ✔  Success! Logged into GitHub as ritik3131 
[info] 
